[2020-06-05 17:01:17.103] [renderer1] [error] net::ERR_NETWORK_CHANGED: Error: net::ERR_NETWORK_CHANGED
[2020-06-05 17:01:22.854] [renderer1] [error] Unable to read file (EntryNotFound (FileSystemError)): Error: Unable to read file (EntryNotFound (FileSystemError))
    at _.doReadAsFileStream (file:///opt/visual-studio-code/resources/app/out/vs/workbench/workbench.desktop.main.js:1591:434)
    at processTicksAndRejections (internal/process/task_queues.js:89:5)
[2020-06-05 17:19:32.879] [renderer1] [error] Unable to read file (EntryNotFound (FileSystemError)): Error: Unable to read file (EntryNotFound (FileSystemError))
    at _.doReadAsFileStream (file:///opt/visual-studio-code/resources/app/out/vs/workbench/workbench.desktop.main.js:1591:434)
    at processTicksAndRejections (internal/process/task_queues.js:89:5)
[2020-06-05 17:19:41.517] [renderer1] [error] Unable to read file (EntryNotFound (FileSystemError)): Error: Unable to read file (EntryNotFound (FileSystemError))
    at _.doReadAsFileStream (file:///opt/visual-studio-code/resources/app/out/vs/workbench/workbench.desktop.main.js:1591:434)
    at processTicksAndRejections (internal/process/task_queues.js:89:5)
[2020-06-05 17:19:42.695] [renderer1] [error] Unable to read file (EntryNotFound (FileSystemError)): Error: Unable to read file (EntryNotFound (FileSystemError))
    at _.doReadAsFileStream (file:///opt/visual-studio-code/resources/app/out/vs/workbench/workbench.desktop.main.js:1591:434)
    at processTicksAndRejections (internal/process/task_queues.js:89:5)
[2020-06-05 17:19:44.696] [renderer1] [error] Unable to read file (EntryNotFound (FileSystemError)): Error: Unable to read file (EntryNotFound (FileSystemError))
    at _.doReadAsFileStream (file:///opt/visual-studio-code/resources/app/out/vs/workbench/workbench.desktop.main.js:1591:434)
    at processTicksAndRejections (internal/process/task_queues.js:89:5)
[2020-06-05 17:22:18.644] [renderer1] [error] Unable to read file (EntryNotFound (FileSystemError)): Error: Unable to read file (EntryNotFound (FileSystemError))
    at _.doReadAsFileStream (file:///opt/visual-studio-code/resources/app/out/vs/workbench/workbench.desktop.main.js:1591:434)
    at processTicksAndRejections (internal/process/task_queues.js:89:5)
[2020-06-05 17:22:21.860] [renderer1] [error] Unable to read file (EntryNotFound (FileSystemError)): Error: Unable to read file (EntryNotFound (FileSystemError))
    at _.doReadAsFileStream (file:///opt/visual-studio-code/resources/app/out/vs/workbench/workbench.desktop.main.js:1591:434)
    at processTicksAndRejections (internal/process/task_queues.js:89:5)
[2020-06-05 17:22:23.000] [renderer1] [error] Unable to read file (EntryNotFound (FileSystemError)): Error: Unable to read file (EntryNotFound (FileSystemError))
    at _.doReadAsFileStream (file:///opt/visual-studio-code/resources/app/out/vs/workbench/workbench.desktop.main.js:1591:434)
    at processTicksAndRejections (internal/process/task_queues.js:89:5)
[2020-06-05 17:22:24.787] [renderer1] [error] Unable to read file (EntryNotFound (FileSystemError)): Error: Unable to read file (EntryNotFound (FileSystemError))
    at _.doReadAsFileStream (file:///opt/visual-studio-code/resources/app/out/vs/workbench/workbench.desktop.main.js:1591:434)
    at processTicksAndRejections (internal/process/task_queues.js:89:5)
[2020-06-05 17:22:26.918] [renderer1] [error] Unable to read file (EntryNotFound (FileSystemError)): Error: Unable to read file (EntryNotFound (FileSystemError))
    at _.doReadAsFileStream (file:///opt/visual-studio-code/resources/app/out/vs/workbench/workbench.desktop.main.js:1591:434)
    at processTicksAndRejections (internal/process/task_queues.js:89:5)
[2020-06-05 17:22:28.041] [renderer1] [error] Unable to read file (EntryNotFound (FileSystemError)): Error: Unable to read file (EntryNotFound (FileSystemError))
    at _.doReadAsFileStream (file:///opt/visual-studio-code/resources/app/out/vs/workbench/workbench.desktop.main.js:1591:434)
    at processTicksAndRejections (internal/process/task_queues.js:89:5)
[2020-06-05 17:22:30.605] [renderer1] [error] Unable to read file (EntryNotFound (FileSystemError)): Error: Unable to read file (EntryNotFound (FileSystemError))
    at _.doReadAsFileStream (file:///opt/visual-studio-code/resources/app/out/vs/workbench/workbench.desktop.main.js:1591:434)
    at processTicksAndRejections (internal/process/task_queues.js:89:5)
[2020-06-05 17:22:31.938] [renderer1] [error] Unable to read file (EntryNotFound (FileSystemError)): Error: Unable to read file (EntryNotFound (FileSystemError))
    at _.doReadAsFileStream (file:///opt/visual-studio-code/resources/app/out/vs/workbench/workbench.desktop.main.js:1591:434)
    at processTicksAndRejections (internal/process/task_queues.js:89:5)
[2020-06-05 17:22:33.085] [renderer1] [error] Unable to read file (EntryNotFound (FileSystemError)): Error: Unable to read file (EntryNotFound (FileSystemError))
    at _.doReadAsFileStream (file:///opt/visual-studio-code/resources/app/out/vs/workbench/workbench.desktop.main.js:1591:434)
    at processTicksAndRejections (internal/process/task_queues.js:89:5)
[2020-06-05 17:22:34.575] [renderer1] [error] Unable to read file (EntryNotFound (FileSystemError)): Error: Unable to read file (EntryNotFound (FileSystemError))
    at _.doReadAsFileStream (file:///opt/visual-studio-code/resources/app/out/vs/workbench/workbench.desktop.main.js:1591:434)
    at processTicksAndRejections (internal/process/task_queues.js:89:5)
[2020-06-05 17:22:37.598] [renderer1] [error] Unable to read file (EntryNotFound (FileSystemError)): Error: Unable to read file (EntryNotFound (FileSystemError))
    at _.doReadAsFileStream (file:///opt/visual-studio-code/resources/app/out/vs/workbench/workbench.desktop.main.js:1591:434)
    at processTicksAndRejections (internal/process/task_queues.js:89:5)
[2020-06-05 17:22:39.034] [renderer1] [error] Unable to read file (EntryNotFound (FileSystemError)): Error: Unable to read file (EntryNotFound (FileSystemError))
    at _.doReadAsFileStream (file:///opt/visual-studio-code/resources/app/out/vs/workbench/workbench.desktop.main.js:1591:434)
    at processTicksAndRejections (internal/process/task_queues.js:89:5)
[2020-06-05 17:22:40.043] [renderer1] [error] Unable to read file (EntryNotFound (FileSystemError)): Error: Unable to read file (EntryNotFound (FileSystemError))
    at _.doReadAsFileStream (file:///opt/visual-studio-code/resources/app/out/vs/workbench/workbench.desktop.main.js:1591:434)
    at processTicksAndRejections (internal/process/task_queues.js:89:5)
[2020-06-05 17:22:41.506] [renderer1] [error] Unable to read file (EntryNotFound (FileSystemError)): Error: Unable to read file (EntryNotFound (FileSystemError))
    at _.doReadAsFileStream (file:///opt/visual-studio-code/resources/app/out/vs/workbench/workbench.desktop.main.js:1591:434)
    at processTicksAndRejections (internal/process/task_queues.js:89:5)
[2020-06-05 17:22:42.686] [renderer1] [error] Unable to read file (EntryNotFound (FileSystemError)): Error: Unable to read file (EntryNotFound (FileSystemError))
    at _.doReadAsFileStream (file:///opt/visual-studio-code/resources/app/out/vs/workbench/workbench.desktop.main.js:1591:434)
    at processTicksAndRejections (internal/process/task_queues.js:89:5)
[2020-06-05 17:22:43.908] [renderer1] [error] Unable to read file (EntryNotFound (FileSystemError)): Error: Unable to read file (EntryNotFound (FileSystemError))
    at _.doReadAsFileStream (file:///opt/visual-studio-code/resources/app/out/vs/workbench/workbench.desktop.main.js:1591:434)
    at processTicksAndRejections (internal/process/task_queues.js:89:5)
[2020-06-05 17:22:45.692] [renderer1] [error] Unable to read file (EntryNotFound (FileSystemError)): Error: Unable to read file (EntryNotFound (FileSystemError))
    at _.doReadAsFileStream (file:///opt/visual-studio-code/resources/app/out/vs/workbench/workbench.desktop.main.js:1591:434)
    at processTicksAndRejections (internal/process/task_queues.js:89:5)
[2020-06-05 17:23:17.374] [renderer1] [error] Unable to read file (EntryNotFound (FileSystemError)): Error: Unable to read file (EntryNotFound (FileSystemError))
    at _.doReadAsFileStream (file:///opt/visual-studio-code/resources/app/out/vs/workbench/workbench.desktop.main.js:1591:434)
    at processTicksAndRejections (internal/process/task_queues.js:89:5)
[2020-06-05 17:23:18.405] [renderer1] [error] Unable to read file (EntryNotFound (FileSystemError)): Error: Unable to read file (EntryNotFound (FileSystemError))
    at _.doReadAsFileStream (file:///opt/visual-studio-code/resources/app/out/vs/workbench/workbench.desktop.main.js:1591:434)
    at processTicksAndRejections (internal/process/task_queues.js:89:5)
[2020-06-05 17:23:19.412] [renderer1] [error] Unable to read file (EntryNotFound (FileSystemError)): Error: Unable to read file (EntryNotFound (FileSystemError))
    at _.doReadAsFileStream (file:///opt/visual-studio-code/resources/app/out/vs/workbench/workbench.desktop.main.js:1591:434)
    at processTicksAndRejections (internal/process/task_queues.js:89:5)
[2020-06-05 17:23:20.498] [renderer1] [error] Unable to read file (EntryNotFound (FileSystemError)): Error: Unable to read file (EntryNotFound (FileSystemError))
    at _.doReadAsFileStream (file:///opt/visual-studio-code/resources/app/out/vs/workbench/workbench.desktop.main.js:1591:434)
    at processTicksAndRejections (internal/process/task_queues.js:89:5)
[2020-06-05 17:23:21.537] [renderer1] [error] Unable to read file (EntryNotFound (FileSystemError)): Error: Unable to read file (EntryNotFound (FileSystemError))
    at _.doReadAsFileStream (file:///opt/visual-studio-code/resources/app/out/vs/workbench/workbench.desktop.main.js:1591:434)
    at processTicksAndRejections (internal/process/task_queues.js:89:5)
[2020-06-05 17:23:23.523] [renderer1] [error] Unable to read file (EntryNotFound (FileSystemError)): Error: Unable to read file (EntryNotFound (FileSystemError))
    at _.doReadAsFileStream (file:///opt/visual-studio-code/resources/app/out/vs/workbench/workbench.desktop.main.js:1591:434)
    at processTicksAndRejections (internal/process/task_queues.js:89:5)
[2020-06-05 17:23:25.677] [renderer1] [error] Unable to read file (EntryNotFound (FileSystemError)): Error: Unable to read file (EntryNotFound (FileSystemError))
    at _.doReadAsFileStream (file:///opt/visual-studio-code/resources/app/out/vs/workbench/workbench.desktop.main.js:1591:434)
    at processTicksAndRejections (internal/process/task_queues.js:89:5)
[2020-06-05 17:23:27.108] [renderer1] [error] Unable to read file (EntryNotFound (FileSystemError)): Error: Unable to read file (EntryNotFound (FileSystemError))
    at _.doReadAsFileStream (file:///opt/visual-studio-code/resources/app/out/vs/workbench/workbench.desktop.main.js:1591:434)
    at processTicksAndRejections (internal/process/task_queues.js:89:5)
[2020-06-05 17:23:28.496] [renderer1] [error] Unable to read file (EntryNotFound (FileSystemError)): Error: Unable to read file (EntryNotFound (FileSystemError))
    at _.doReadAsFileStream (file:///opt/visual-studio-code/resources/app/out/vs/workbench/workbench.desktop.main.js:1591:434)
    at processTicksAndRejections (internal/process/task_queues.js:89:5)
[2020-06-05 17:23:29.959] [renderer1] [error] Unable to read file (EntryNotFound (FileSystemError)): Error: Unable to read file (EntryNotFound (FileSystemError))
    at _.doReadAsFileStream (file:///opt/visual-studio-code/resources/app/out/vs/workbench/workbench.desktop.main.js:1591:434)
    at processTicksAndRejections (internal/process/task_queues.js:89:5)
[2020-06-05 17:23:31.482] [renderer1] [error] Unable to read file (EntryNotFound (FileSystemError)): Error: Unable to read file (EntryNotFound (FileSystemError))
    at _.doReadAsFileStream (file:///opt/visual-studio-code/resources/app/out/vs/workbench/workbench.desktop.main.js:1591:434)
    at processTicksAndRejections (internal/process/task_queues.js:89:5)
[2020-06-05 17:23:32.683] [renderer1] [error] Unable to read file (EntryNotFound (FileSystemError)): Error: Unable to read file (EntryNotFound (FileSystemError))
    at _.doReadAsFileStream (file:///opt/visual-studio-code/resources/app/out/vs/workbench/workbench.desktop.main.js:1591:434)
    at processTicksAndRejections (internal/process/task_queues.js:89:5)
[2020-06-05 17:23:33.788] [renderer1] [error] Unable to read file (EntryNotFound (FileSystemError)): Error: Unable to read file (EntryNotFound (FileSystemError))
    at _.doReadAsFileStream (file:///opt/visual-studio-code/resources/app/out/vs/workbench/workbench.desktop.main.js:1591:434)
    at processTicksAndRejections (internal/process/task_queues.js:89:5)
[2020-06-05 17:23:35.380] [renderer1] [error] Unable to read file (EntryNotFound (FileSystemError)): Error: Unable to read file (EntryNotFound (FileSystemError))
    at _.doReadAsFileStream (file:///opt/visual-studio-code/resources/app/out/vs/workbench/workbench.desktop.main.js:1591:434)
    at processTicksAndRejections (internal/process/task_queues.js:89:5)
[2020-06-05 17:23:37.418] [renderer1] [error] Unable to read file (EntryNotFound (FileSystemError)): Error: Unable to read file (EntryNotFound (FileSystemError))
    at _.doReadAsFileStream (file:///opt/visual-studio-code/resources/app/out/vs/workbench/workbench.desktop.main.js:1591:434)
    at processTicksAndRejections (internal/process/task_queues.js:89:5)
[2020-06-05 17:23:38.601] [renderer1] [error] Unable to read file (EntryNotFound (FileSystemError)): Error: Unable to read file (EntryNotFound (FileSystemError))
    at _.doReadAsFileStream (file:///opt/visual-studio-code/resources/app/out/vs/workbench/workbench.desktop.main.js:1591:434)
    at processTicksAndRejections (internal/process/task_queues.js:89:5)
[2020-06-05 17:23:51.153] [renderer1] [error] Unable to read file (EntryNotFound (FileSystemError)): Error: Unable to read file (EntryNotFound (FileSystemError))
    at _.doReadAsFileStream (file:///opt/visual-studio-code/resources/app/out/vs/workbench/workbench.desktop.main.js:1591:434)
    at processTicksAndRejections (internal/process/task_queues.js:89:5)
[2020-06-05 17:23:54.371] [renderer1] [error] Unable to read file (EntryNotFound (FileSystemError)): Error: Unable to read file (EntryNotFound (FileSystemError))
    at _.doReadAsFileStream (file:///opt/visual-studio-code/resources/app/out/vs/workbench/workbench.desktop.main.js:1591:434)
    at processTicksAndRejections (internal/process/task_queues.js:89:5)
[2020-06-05 17:23:57.496] [renderer1] [error] Unable to read file (EntryNotFound (FileSystemError)): Error: Unable to read file (EntryNotFound (FileSystemError))
    at _.doReadAsFileStream (file:///opt/visual-studio-code/resources/app/out/vs/workbench/workbench.desktop.main.js:1591:434)
    at processTicksAndRejections (internal/process/task_queues.js:89:5)
[2020-06-05 17:24:02.999] [renderer1] [error] Unable to read file (EntryNotFound (FileSystemError)): Error: Unable to read file (EntryNotFound (FileSystemError))
    at _.doReadAsFileStream (file:///opt/visual-studio-code/resources/app/out/vs/workbench/workbench.desktop.main.js:1591:434)
    at processTicksAndRejections (internal/process/task_queues.js:89:5)
[2020-06-05 17:24:12.200] [renderer1] [error] Unable to read file (EntryNotFound (FileSystemError)): Error: Unable to read file (EntryNotFound (FileSystemError))
    at _.doReadAsFileStream (file:///opt/visual-studio-code/resources/app/out/vs/workbench/workbench.desktop.main.js:1591:434)
    at processTicksAndRejections (internal/process/task_queues.js:89:5)
[2020-06-05 17:24:18.771] [renderer1] [error] Unable to read file (EntryNotFound (FileSystemError)): Error: Unable to read file (EntryNotFound (FileSystemError))
    at _.doReadAsFileStream (file:///opt/visual-studio-code/resources/app/out/vs/workbench/workbench.desktop.main.js:1591:434)
    at runMicrotasks (<anonymous>)
    at processTicksAndRejections (internal/process/task_queues.js:89:5)
[2020-06-05 17:24:20.098] [renderer1] [error] Unable to read file (EntryNotFound (FileSystemError)): Error: Unable to read file (EntryNotFound (FileSystemError))
    at _.doReadAsFileStream (file:///opt/visual-studio-code/resources/app/out/vs/workbench/workbench.desktop.main.js:1591:434)
    at runMicrotasks (<anonymous>)
    at processTicksAndRejections (internal/process/task_queues.js:89:5)
[2020-06-05 17:24:22.230] [renderer1] [error] Unable to read file (EntryNotFound (FileSystemError)): Error: Unable to read file (EntryNotFound (FileSystemError))
    at _.doReadAsFileStream (file:///opt/visual-studio-code/resources/app/out/vs/workbench/workbench.desktop.main.js:1591:434)
    at runMicrotasks (<anonymous>)
    at processTicksAndRejections (internal/process/task_queues.js:89:5)
[2020-06-05 17:24:24.251] [renderer1] [error] Unable to read file (EntryNotFound (FileSystemError)): Error: Unable to read file (EntryNotFound (FileSystemError))
    at _.doReadAsFileStream (file:///opt/visual-studio-code/resources/app/out/vs/workbench/workbench.desktop.main.js:1591:434)
    at runMicrotasks (<anonymous>)
    at processTicksAndRejections (internal/process/task_queues.js:89:5)
[2020-06-05 17:24:30.396] [renderer1] [error] Unable to read file (EntryNotFound (FileSystemError)): Error: Unable to read file (EntryNotFound (FileSystemError))
    at _.doReadAsFileStream (file:///opt/visual-studio-code/resources/app/out/vs/workbench/workbench.desktop.main.js:1591:434)
    at runMicrotasks (<anonymous>)
    at processTicksAndRejections (internal/process/task_queues.js:89:5)
[2020-06-05 17:24:31.505] [renderer1] [error] Unable to read file (EntryNotFound (FileSystemError)): Error: Unable to read file (EntryNotFound (FileSystemError))
    at _.doReadAsFileStream (file:///opt/visual-studio-code/resources/app/out/vs/workbench/workbench.desktop.main.js:1591:434)
    at runMicrotasks (<anonymous>)
    at processTicksAndRejections (internal/process/task_queues.js:89:5)
[2020-06-05 17:24:32.624] [renderer1] [error] Unable to read file (EntryNotFound (FileSystemError)): Error: Unable to read file (EntryNotFound (FileSystemError))
    at _.doReadAsFileStream (file:///opt/visual-studio-code/resources/app/out/vs/workbench/workbench.desktop.main.js:1591:434)
    at runMicrotasks (<anonymous>)
    at processTicksAndRejections (internal/process/task_queues.js:89:5)
[2020-06-05 17:24:34.084] [renderer1] [error] Unable to read file (EntryNotFound (FileSystemError)): Error: Unable to read file (EntryNotFound (FileSystemError))
    at _.doReadAsFileStream (file:///opt/visual-studio-code/resources/app/out/vs/workbench/workbench.desktop.main.js:1591:434)
    at runMicrotasks (<anonymous>)
    at processTicksAndRejections (internal/process/task_queues.js:89:5)
[2020-06-05 17:24:36.844] [renderer1] [error] Unable to read file (EntryNotFound (FileSystemError)): Error: Unable to read file (EntryNotFound (FileSystemError))
    at _.doReadAsFileStream (file:///opt/visual-studio-code/resources/app/out/vs/workbench/workbench.desktop.main.js:1591:434)
    at runMicrotasks (<anonymous>)
    at processTicksAndRejections (internal/process/task_queues.js:89:5)
[2020-06-05 17:24:38.353] [renderer1] [error] Unable to read file (EntryNotFound (FileSystemError)): Error: Unable to read file (EntryNotFound (FileSystemError))
    at _.doReadAsFileStream (file:///opt/visual-studio-code/resources/app/out/vs/workbench/workbench.desktop.main.js:1591:434)
    at runMicrotasks (<anonymous>)
    at processTicksAndRejections (internal/process/task_queues.js:89:5)
[2020-06-05 17:24:44.143] [renderer1] [error] Unable to read file (EntryNotFound (FileSystemError)): Error: Unable to read file (EntryNotFound (FileSystemError))
    at _.doReadAsFileStream (file:///opt/visual-studio-code/resources/app/out/vs/workbench/workbench.desktop.main.js:1591:434)
    at runMicrotasks (<anonymous>)
    at processTicksAndRejections (internal/process/task_queues.js:89:5)
[2020-06-05 17:24:46.100] [renderer1] [error] Unable to read file (EntryNotFound (FileSystemError)): Error: Unable to read file (EntryNotFound (FileSystemError))
    at _.doReadAsFileStream (file:///opt/visual-studio-code/resources/app/out/vs/workbench/workbench.desktop.main.js:1591:434)
    at runMicrotasks (<anonymous>)
    at processTicksAndRejections (internal/process/task_queues.js:89:5)
[2020-06-05 17:24:47.275] [renderer1] [error] Unable to read file (EntryNotFound (FileSystemError)): Error: Unable to read file (EntryNotFound (FileSystemError))
    at _.doReadAsFileStream (file:///opt/visual-studio-code/resources/app/out/vs/workbench/workbench.desktop.main.js:1591:434)
    at runMicrotasks (<anonymous>)
    at processTicksAndRejections (internal/process/task_queues.js:89:5)
[2020-06-05 17:24:48.577] [renderer1] [error] Unable to read file (EntryNotFound (FileSystemError)): Error: Unable to read file (EntryNotFound (FileSystemError))
    at _.doReadAsFileStream (file:///opt/visual-studio-code/resources/app/out/vs/workbench/workbench.desktop.main.js:1591:434)
    at runMicrotasks (<anonymous>)
    at processTicksAndRejections (internal/process/task_queues.js:89:5)
[2020-06-05 17:24:49.645] [renderer1] [error] Unable to read file (EntryNotFound (FileSystemError)): Error: Unable to read file (EntryNotFound (FileSystemError))
    at _.doReadAsFileStream (file:///opt/visual-studio-code/resources/app/out/vs/workbench/workbench.desktop.main.js:1591:434)
    at runMicrotasks (<anonymous>)
    at processTicksAndRejections (internal/process/task_queues.js:89:5)
[2020-06-05 17:24:50.647] [renderer1] [error] Unable to read file (EntryNotFound (FileSystemError)): Error: Unable to read file (EntryNotFound (FileSystemError))
    at _.doReadAsFileStream (file:///opt/visual-studio-code/resources/app/out/vs/workbench/workbench.desktop.main.js:1591:434)
    at runMicrotasks (<anonymous>)
    at processTicksAndRejections (internal/process/task_queues.js:89:5)
[2020-06-05 17:27:55.368] [renderer1] [error] Unable to read file (EntryNotFound (FileSystemError)): Error: Unable to read file (EntryNotFound (FileSystemError))
    at _.doReadAsFileStream (file:///opt/visual-studio-code/resources/app/out/vs/workbench/workbench.desktop.main.js:1591:434)
    at runMicrotasks (<anonymous>)
    at processTicksAndRejections (internal/process/task_queues.js:89:5)
[2020-06-05 17:28:06.779] [renderer1] [error] Unable to read file (EntryNotFound (FileSystemError)): Error: Unable to read file (EntryNotFound (FileSystemError))
    at _.doReadAsFileStream (file:///opt/visual-studio-code/resources/app/out/vs/workbench/workbench.desktop.main.js:1591:434)
    at runMicrotasks (<anonymous>)
    at processTicksAndRejections (internal/process/task_queues.js:89:5)
[2020-06-05 17:28:18.514] [renderer1] [error] Unable to read file (EntryNotFound (FileSystemError)): Error: Unable to read file (EntryNotFound (FileSystemError))
    at _.doReadAsFileStream (file:///opt/visual-studio-code/resources/app/out/vs/workbench/workbench.desktop.main.js:1591:434)
    at runMicrotasks (<anonymous>)
    at processTicksAndRejections (internal/process/task_queues.js:89:5)
[2020-06-05 17:28:19.615] [renderer1] [error] Unable to read file (EntryNotFound (FileSystemError)): Error: Unable to read file (EntryNotFound (FileSystemError))
    at _.doReadAsFileStream (file:///opt/visual-studio-code/resources/app/out/vs/workbench/workbench.desktop.main.js:1591:434)
    at runMicrotasks (<anonymous>)
    at processTicksAndRejections (internal/process/task_queues.js:89:5)
[2020-06-05 17:28:21.606] [renderer1] [error] Unable to read file (EntryNotFound (FileSystemError)): Error: Unable to read file (EntryNotFound (FileSystemError))
    at _.doReadAsFileStream (file:///opt/visual-studio-code/resources/app/out/vs/workbench/workbench.desktop.main.js:1591:434)
    at runMicrotasks (<anonymous>)
    at processTicksAndRejections (internal/process/task_queues.js:89:5)
[2020-06-05 17:28:27.387] [renderer1] [error] Unable to read file (EntryNotFound (FileSystemError)): Error: Unable to read file (EntryNotFound (FileSystemError))
    at _.doReadAsFileStream (file:///opt/visual-studio-code/resources/app/out/vs/workbench/workbench.desktop.main.js:1591:434)
    at runMicrotasks (<anonymous>)
    at processTicksAndRejections (internal/process/task_queues.js:89:5)
[2020-06-05 17:28:44.348] [renderer1] [error] Unable to read file (EntryNotFound (FileSystemError)): Error: Unable to read file (EntryNotFound (FileSystemError))
    at _.doReadAsFileStream (file:///opt/visual-studio-code/resources/app/out/vs/workbench/workbench.desktop.main.js:1591:434)
    at runMicrotasks (<anonymous>)
    at processTicksAndRejections (internal/process/task_queues.js:89:5)
[2020-06-05 17:28:47.044] [renderer1] [error] Unable to read file (EntryNotFound (FileSystemError)): Error: Unable to read file (EntryNotFound (FileSystemError))
    at _.doReadAsFileStream (file:///opt/visual-studio-code/resources/app/out/vs/workbench/workbench.desktop.main.js:1591:434)
    at runMicrotasks (<anonymous>)
    at processTicksAndRejections (internal/process/task_queues.js:89:5)
[2020-06-05 17:28:48.521] [renderer1] [error] Unable to read file (EntryNotFound (FileSystemError)): Error: Unable to read file (EntryNotFound (FileSystemError))
    at _.doReadAsFileStream (file:///opt/visual-studio-code/resources/app/out/vs/workbench/workbench.desktop.main.js:1591:434)
    at runMicrotasks (<anonymous>)
    at processTicksAndRejections (internal/process/task_queues.js:89:5)
[2020-06-05 17:28:49.603] [renderer1] [error] Unable to read file (EntryNotFound (FileSystemError)): Error: Unable to read file (EntryNotFound (FileSystemError))
    at _.doReadAsFileStream (file:///opt/visual-studio-code/resources/app/out/vs/workbench/workbench.desktop.main.js:1591:434)
    at runMicrotasks (<anonymous>)
    at processTicksAndRejections (internal/process/task_queues.js:89:5)
[2020-06-05 17:28:50.866] [renderer1] [error] Unable to read file (EntryNotFound (FileSystemError)): Error: Unable to read file (EntryNotFound (FileSystemError))
    at _.doReadAsFileStream (file:///opt/visual-studio-code/resources/app/out/vs/workbench/workbench.desktop.main.js:1591:434)
    at runMicrotasks (<anonymous>)
    at processTicksAndRejections (internal/process/task_queues.js:89:5)
[2020-06-05 17:29:00.226] [renderer1] [error] Unable to read file (EntryNotFound (FileSystemError)): Error: Unable to read file (EntryNotFound (FileSystemError))
    at _.doReadAsFileStream (file:///opt/visual-studio-code/resources/app/out/vs/workbench/workbench.desktop.main.js:1591:434)
    at runMicrotasks (<anonymous>)
    at processTicksAndRejections (internal/process/task_queues.js:89:5)
[2020-06-05 17:29:01.455] [renderer1] [error] Unable to read file (EntryNotFound (FileSystemError)): Error: Unable to read file (EntryNotFound (FileSystemError))
    at _.doReadAsFileStream (file:///opt/visual-studio-code/resources/app/out/vs/workbench/workbench.desktop.main.js:1591:434)
    at runMicrotasks (<anonymous>)
    at processTicksAndRejections (internal/process/task_queues.js:89:5)
[2020-06-05 17:29:03.086] [renderer1] [error] Unable to read file (EntryNotFound (FileSystemError)): Error: Unable to read file (EntryNotFound (FileSystemError))
    at _.doReadAsFileStream (file:///opt/visual-studio-code/resources/app/out/vs/workbench/workbench.desktop.main.js:1591:434)
    at runMicrotasks (<anonymous>)
    at processTicksAndRejections (internal/process/task_queues.js:89:5)
[2020-06-05 17:29:04.825] [renderer1] [error] Unable to read file (EntryNotFound (FileSystemError)): Error: Unable to read file (EntryNotFound (FileSystemError))
    at _.doReadAsFileStream (file:///opt/visual-studio-code/resources/app/out/vs/workbench/workbench.desktop.main.js:1591:434)
    at runMicrotasks (<anonymous>)
    at processTicksAndRejections (internal/process/task_queues.js:89:5)
[2020-06-05 17:29:06.021] [renderer1] [error] Unable to read file (EntryNotFound (FileSystemError)): Error: Unable to read file (EntryNotFound (FileSystemError))
    at _.doReadAsFileStream (file:///opt/visual-studio-code/resources/app/out/vs/workbench/workbench.desktop.main.js:1591:434)
    at runMicrotasks (<anonymous>)
    at processTicksAndRejections (internal/process/task_queues.js:89:5)
[2020-06-05 17:29:07.340] [renderer1] [error] Unable to read file (EntryNotFound (FileSystemError)): Error: Unable to read file (EntryNotFound (FileSystemError))
    at _.doReadAsFileStream (file:///opt/visual-studio-code/resources/app/out/vs/workbench/workbench.desktop.main.js:1591:434)
    at runMicrotasks (<anonymous>)
    at processTicksAndRejections (internal/process/task_queues.js:89:5)
[2020-06-05 17:29:09.578] [renderer1] [error] Unable to read file (EntryNotFound (FileSystemError)): Error: Unable to read file (EntryNotFound (FileSystemError))
    at _.doReadAsFileStream (file:///opt/visual-studio-code/resources/app/out/vs/workbench/workbench.desktop.main.js:1591:434)
    at runMicrotasks (<anonymous>)
    at processTicksAndRejections (internal/process/task_queues.js:89:5)
[2020-06-05 17:29:10.766] [renderer1] [error] Unable to read file (EntryNotFound (FileSystemError)): Error: Unable to read file (EntryNotFound (FileSystemError))
    at _.doReadAsFileStream (file:///opt/visual-studio-code/resources/app/out/vs/workbench/workbench.desktop.main.js:1591:434)
    at runMicrotasks (<anonymous>)
    at processTicksAndRejections (internal/process/task_queues.js:89:5)
[2020-06-05 17:29:12.127] [renderer1] [error] Unable to read file (EntryNotFound (FileSystemError)): Error: Unable to read file (EntryNotFound (FileSystemError))
    at _.doReadAsFileStream (file:///opt/visual-studio-code/resources/app/out/vs/workbench/workbench.desktop.main.js:1591:434)
    at runMicrotasks (<anonymous>)
    at processTicksAndRejections (internal/process/task_queues.js:89:5)
[2020-06-05 17:29:13.395] [renderer1] [error] Unable to read file (EntryNotFound (FileSystemError)): Error: Unable to read file (EntryNotFound (FileSystemError))
    at _.doReadAsFileStream (file:///opt/visual-studio-code/resources/app/out/vs/workbench/workbench.desktop.main.js:1591:434)
    at runMicrotasks (<anonymous>)
    at processTicksAndRejections (internal/process/task_queues.js:89:5)
[2020-06-05 17:31:36.090] [renderer1] [error] Unable to read file (EntryNotFound (FileSystemError)): Error: Unable to read file (EntryNotFound (FileSystemError))
    at _.doReadAsFileStream (file:///opt/visual-studio-code/resources/app/out/vs/workbench/workbench.desktop.main.js:1591:434)
    at runMicrotasks (<anonymous>)
    at processTicksAndRejections (internal/process/task_queues.js:89:5)
[2020-06-05 17:31:37.112] [renderer1] [error] Unable to read file (EntryNotFound (FileSystemError)): Error: Unable to read file (EntryNotFound (FileSystemError))
    at _.doReadAsFileStream (file:///opt/visual-studio-code/resources/app/out/vs/workbench/workbench.desktop.main.js:1591:434)
    at runMicrotasks (<anonymous>)
    at processTicksAndRejections (internal/process/task_queues.js:89:5)
[2020-06-05 17:31:38.962] [renderer1] [error] Unable to read file (EntryNotFound (FileSystemError)): Error: Unable to read file (EntryNotFound (FileSystemError))
    at _.doReadAsFileStream (file:///opt/visual-studio-code/resources/app/out/vs/workbench/workbench.desktop.main.js:1591:434)
    at runMicrotasks (<anonymous>)
    at processTicksAndRejections (internal/process/task_queues.js:89:5)
[2020-06-05 17:31:40.220] [renderer1] [error] Unable to read file (EntryNotFound (FileSystemError)): Error: Unable to read file (EntryNotFound (FileSystemError))
    at _.doReadAsFileStream (file:///opt/visual-studio-code/resources/app/out/vs/workbench/workbench.desktop.main.js:1591:434)
    at runMicrotasks (<anonymous>)
    at processTicksAndRejections (internal/process/task_queues.js:89:5)
[2020-06-05 17:31:41.622] [renderer1] [error] Unable to read file (EntryNotFound (FileSystemError)): Error: Unable to read file (EntryNotFound (FileSystemError))
    at _.doReadAsFileStream (file:///opt/visual-studio-code/resources/app/out/vs/workbench/workbench.desktop.main.js:1591:434)
    at runMicrotasks (<anonymous>)
    at processTicksAndRejections (internal/process/task_queues.js:89:5)
[2020-06-05 17:31:43.101] [renderer1] [error] Unable to read file (EntryNotFound (FileSystemError)): Error: Unable to read file (EntryNotFound (FileSystemError))
    at _.doReadAsFileStream (file:///opt/visual-studio-code/resources/app/out/vs/workbench/workbench.desktop.main.js:1591:434)
    at runMicrotasks (<anonymous>)
    at processTicksAndRejections (internal/process/task_queues.js:89:5)
[2020-06-05 17:31:51.734] [renderer1] [error] Unable to read file (EntryNotFound (FileSystemError)): Error: Unable to read file (EntryNotFound (FileSystemError))
    at _.doReadAsFileStream (file:///opt/visual-studio-code/resources/app/out/vs/workbench/workbench.desktop.main.js:1591:434)
    at runMicrotasks (<anonymous>)
    at processTicksAndRejections (internal/process/task_queues.js:89:5)
[2020-06-05 17:31:52.878] [renderer1] [error] Unable to read file (EntryNotFound (FileSystemError)): Error: Unable to read file (EntryNotFound (FileSystemError))
    at _.doReadAsFileStream (file:///opt/visual-studio-code/resources/app/out/vs/workbench/workbench.desktop.main.js:1591:434)
    at runMicrotasks (<anonymous>)
    at processTicksAndRejections (internal/process/task_queues.js:89:5)
[2020-06-05 17:31:53.959] [renderer1] [error] Unable to read file (EntryNotFound (FileSystemError)): Error: Unable to read file (EntryNotFound (FileSystemError))
    at _.doReadAsFileStream (file:///opt/visual-studio-code/resources/app/out/vs/workbench/workbench.desktop.main.js:1591:434)
    at runMicrotasks (<anonymous>)
    at processTicksAndRejections (internal/process/task_queues.js:89:5)
[2020-06-05 17:34:45.867] [renderer1] [error] Unable to read file (EntryNotFound (FileSystemError)): Error: Unable to read file (EntryNotFound (FileSystemError))
    at _.doReadAsFileStream (file:///opt/visual-studio-code/resources/app/out/vs/workbench/workbench.desktop.main.js:1591:434)
    at runMicrotasks (<anonymous>)
    at processTicksAndRejections (internal/process/task_queues.js:89:5)
[2020-06-05 17:34:47.078] [renderer1] [error] Unable to read file (EntryNotFound (FileSystemError)): Error: Unable to read file (EntryNotFound (FileSystemError))
    at _.doReadAsFileStream (file:///opt/visual-studio-code/resources/app/out/vs/workbench/workbench.desktop.main.js:1591:434)
    at runMicrotasks (<anonymous>)
    at processTicksAndRejections (internal/process/task_queues.js:89:5)
[2020-06-05 17:34:48.221] [renderer1] [error] Unable to read file (EntryNotFound (FileSystemError)): Error: Unable to read file (EntryNotFound (FileSystemError))
    at _.doReadAsFileStream (file:///opt/visual-studio-code/resources/app/out/vs/workbench/workbench.desktop.main.js:1591:434)
    at runMicrotasks (<anonymous>)
    at processTicksAndRejections (internal/process/task_queues.js:89:5)
[2020-06-05 17:34:51.429] [renderer1] [error] Unable to read file (EntryNotFound (FileSystemError)): Error: Unable to read file (EntryNotFound (FileSystemError))
    at _.doReadAsFileStream (file:///opt/visual-studio-code/resources/app/out/vs/workbench/workbench.desktop.main.js:1591:434)
    at runMicrotasks (<anonymous>)
    at processTicksAndRejections (internal/process/task_queues.js:89:5)
[2020-06-05 17:34:54.839] [renderer1] [error] Unable to read file (EntryNotFound (FileSystemError)): Error: Unable to read file (EntryNotFound (FileSystemError))
    at _.doReadAsFileStream (file:///opt/visual-studio-code/resources/app/out/vs/workbench/workbench.desktop.main.js:1591:434)
    at runMicrotasks (<anonymous>)
    at processTicksAndRejections (internal/process/task_queues.js:89:5)
[2020-06-05 17:34:56.333] [renderer1] [error] Unable to read file (EntryNotFound (FileSystemError)): Error: Unable to read file (EntryNotFound (FileSystemError))
    at _.doReadAsFileStream (file:///opt/visual-studio-code/resources/app/out/vs/workbench/workbench.desktop.main.js:1591:434)
    at runMicrotasks (<anonymous>)
    at processTicksAndRejections (internal/process/task_queues.js:89:5)
[2020-06-05 17:34:59.558] [renderer1] [error] Unable to read file (EntryNotFound (FileSystemError)): Error: Unable to read file (EntryNotFound (FileSystemError))
    at _.doReadAsFileStream (file:///opt/visual-studio-code/resources/app/out/vs/workbench/workbench.desktop.main.js:1591:434)
    at runMicrotasks (<anonymous>)
    at processTicksAndRejections (internal/process/task_queues.js:89:5)
[2020-06-05 17:35:01.076] [renderer1] [error] Unable to read file (EntryNotFound (FileSystemError)): Error: Unable to read file (EntryNotFound (FileSystemError))
    at _.doReadAsFileStream (file:///opt/visual-studio-code/resources/app/out/vs/workbench/workbench.desktop.main.js:1591:434)
    at runMicrotasks (<anonymous>)
    at processTicksAndRejections (internal/process/task_queues.js:89:5)
[2020-06-05 17:35:02.510] [renderer1] [error] Unable to read file (EntryNotFound (FileSystemError)): Error: Unable to read file (EntryNotFound (FileSystemError))
    at _.doReadAsFileStream (file:///opt/visual-studio-code/resources/app/out/vs/workbench/workbench.desktop.main.js:1591:434)
    at runMicrotasks (<anonymous>)
    at processTicksAndRejections (internal/process/task_queues.js:89:5)
[2020-06-05 17:35:11.404] [renderer1] [error] Unable to read file (EntryNotFound (FileSystemError)): Error: Unable to read file (EntryNotFound (FileSystemError))
    at _.doReadAsFileStream (file:///opt/visual-studio-code/resources/app/out/vs/workbench/workbench.desktop.main.js:1591:434)
    at runMicrotasks (<anonymous>)
    at processTicksAndRejections (internal/process/task_queues.js:89:5)
[2020-06-05 17:35:16.204] [renderer1] [error] Unable to read file (EntryNotFound (FileSystemError)): Error: Unable to read file (EntryNotFound (FileSystemError))
    at _.doReadAsFileStream (file:///opt/visual-studio-code/resources/app/out/vs/workbench/workbench.desktop.main.js:1591:434)
    at runMicrotasks (<anonymous>)
    at processTicksAndRejections (internal/process/task_queues.js:89:5)
[2020-06-05 17:35:22.124] [renderer1] [error] Unable to read file (EntryNotFound (FileSystemError)): Error: Unable to read file (EntryNotFound (FileSystemError))
    at _.doReadAsFileStream (file:///opt/visual-studio-code/resources/app/out/vs/workbench/workbench.desktop.main.js:1591:434)
    at runMicrotasks (<anonymous>)
    at processTicksAndRejections (internal/process/task_queues.js:89:5)
[2020-06-05 17:35:30.227] [renderer1] [error] Unable to read file (EntryNotFound (FileSystemError)): Error: Unable to read file (EntryNotFound (FileSystemError))
    at _.doReadAsFileStream (file:///opt/visual-studio-code/resources/app/out/vs/workbench/workbench.desktop.main.js:1591:434)
    at processTicksAndRejections (internal/process/task_queues.js:89:5)
[2020-06-05 17:36:07.048] [renderer1] [error] Unable to read file (EntryNotFound (FileSystemError)): Error: Unable to read file (EntryNotFound (FileSystemError))
    at _.doReadAsFileStream (file:///opt/visual-studio-code/resources/app/out/vs/workbench/workbench.desktop.main.js:1591:434)
    at processTicksAndRejections (internal/process/task_queues.js:89:5)
[2020-06-05 17:36:09.034] [renderer1] [error] Unable to read file (EntryNotFound (FileSystemError)): Error: Unable to read file (EntryNotFound (FileSystemError))
    at _.doReadAsFileStream (file:///opt/visual-studio-code/resources/app/out/vs/workbench/workbench.desktop.main.js:1591:434)
    at processTicksAndRejections (internal/process/task_queues.js:89:5)
[2020-06-05 17:36:10.446] [renderer1] [error] Unable to read file (EntryNotFound (FileSystemError)): Error: Unable to read file (EntryNotFound (FileSystemError))
    at _.doReadAsFileStream (file:///opt/visual-studio-code/resources/app/out/vs/workbench/workbench.desktop.main.js:1591:434)
    at processTicksAndRejections (internal/process/task_queues.js:89:5)
[2020-06-05 17:36:11.801] [renderer1] [error] Unable to read file (EntryNotFound (FileSystemError)): Error: Unable to read file (EntryNotFound (FileSystemError))
    at _.doReadAsFileStream (file:///opt/visual-studio-code/resources/app/out/vs/workbench/workbench.desktop.main.js:1591:434)
    at processTicksAndRejections (internal/process/task_queues.js:89:5)
[2020-06-05 17:36:12.888] [renderer1] [error] Unable to read file (EntryNotFound (FileSystemError)): Error: Unable to read file (EntryNotFound (FileSystemError))
    at _.doReadAsFileStream (file:///opt/visual-studio-code/resources/app/out/vs/workbench/workbench.desktop.main.js:1591:434)
    at processTicksAndRejections (internal/process/task_queues.js:89:5)
[2020-06-05 17:36:14.133] [renderer1] [error] Unable to read file (EntryNotFound (FileSystemError)): Error: Unable to read file (EntryNotFound (FileSystemError))
    at _.doReadAsFileStream (file:///opt/visual-studio-code/resources/app/out/vs/workbench/workbench.desktop.main.js:1591:434)
    at processTicksAndRejections (internal/process/task_queues.js:89:5)
[2020-06-05 17:36:15.782] [renderer1] [error] Unable to read file (EntryNotFound (FileSystemError)): Error: Unable to read file (EntryNotFound (FileSystemError))
    at _.doReadAsFileStream (file:///opt/visual-studio-code/resources/app/out/vs/workbench/workbench.desktop.main.js:1591:434)
    at processTicksAndRejections (internal/process/task_queues.js:89:5)
[2020-06-05 17:36:23.341] [renderer1] [error] Unable to read file (EntryNotFound (FileSystemError)): Error: Unable to read file (EntryNotFound (FileSystemError))
    at _.doReadAsFileStream (file:///opt/visual-studio-code/resources/app/out/vs/workbench/workbench.desktop.main.js:1591:434)
    at processTicksAndRejections (internal/process/task_queues.js:89:5)
[2020-06-05 17:36:24.689] [renderer1] [error] Unable to read file (EntryNotFound (FileSystemError)): Error: Unable to read file (EntryNotFound (FileSystemError))
    at _.doReadAsFileStream (file:///opt/visual-studio-code/resources/app/out/vs/workbench/workbench.desktop.main.js:1591:434)
    at processTicksAndRejections (internal/process/task_queues.js:89:5)
[2020-06-05 17:39:14.081] [renderer1] [error] Unable to read file (EntryNotFound (FileSystemError)): Error: Unable to read file (EntryNotFound (FileSystemError))
    at _.doReadAsFileStream (file:///opt/visual-studio-code/resources/app/out/vs/workbench/workbench.desktop.main.js:1591:434)
    at processTicksAndRejections (internal/process/task_queues.js:89:5)
[2020-06-05 17:40:56.036] [renderer1] [error] Unable to read file (EntryNotFound (FileSystemError)): Error: Unable to read file (EntryNotFound (FileSystemError))
    at _.doReadAsFileStream (file:///opt/visual-studio-code/resources/app/out/vs/workbench/workbench.desktop.main.js:1591:434)
    at processTicksAndRejections (internal/process/task_queues.js:89:5)
[2020-06-05 17:40:57.950] [renderer1] [error] Unable to read file (EntryNotFound (FileSystemError)): Error: Unable to read file (EntryNotFound (FileSystemError))
    at _.doReadAsFileStream (file:///opt/visual-studio-code/resources/app/out/vs/workbench/workbench.desktop.main.js:1591:434)
    at processTicksAndRejections (internal/process/task_queues.js:89:5)
[2020-06-05 17:41:05.055] [renderer1] [error] Unable to read file (EntryNotFound (FileSystemError)): Error: Unable to read file (EntryNotFound (FileSystemError))
    at _.doReadAsFileStream (file:///opt/visual-studio-code/resources/app/out/vs/workbench/workbench.desktop.main.js:1591:434)
    at processTicksAndRejections (internal/process/task_queues.js:89:5)
[2020-06-05 17:41:06.467] [renderer1] [error] Unable to read file (EntryNotFound (FileSystemError)): Error: Unable to read file (EntryNotFound (FileSystemError))
    at _.doReadAsFileStream (file:///opt/visual-studio-code/resources/app/out/vs/workbench/workbench.desktop.main.js:1591:434)
    at processTicksAndRejections (internal/process/task_queues.js:89:5)
[2020-06-05 17:41:08.164] [renderer1] [error] Unable to read file (EntryNotFound (FileSystemError)): Error: Unable to read file (EntryNotFound (FileSystemError))
    at _.doReadAsFileStream (file:///opt/visual-studio-code/resources/app/out/vs/workbench/workbench.desktop.main.js:1591:434)
    at processTicksAndRejections (internal/process/task_queues.js:89:5)
[2020-06-05 17:41:10.075] [renderer1] [error] Unable to read file (EntryNotFound (FileSystemError)): Error: Unable to read file (EntryNotFound (FileSystemError))
    at _.doReadAsFileStream (file:///opt/visual-studio-code/resources/app/out/vs/workbench/workbench.desktop.main.js:1591:434)
    at processTicksAndRejections (internal/process/task_queues.js:89:5)
[2020-06-05 17:41:11.631] [renderer1] [error] Unable to read file (EntryNotFound (FileSystemError)): Error: Unable to read file (EntryNotFound (FileSystemError))
    at _.doReadAsFileStream (file:///opt/visual-studio-code/resources/app/out/vs/workbench/workbench.desktop.main.js:1591:434)
    at processTicksAndRejections (internal/process/task_queues.js:89:5)
[2020-06-05 17:41:13.175] [renderer1] [error] Unable to read file (EntryNotFound (FileSystemError)): Error: Unable to read file (EntryNotFound (FileSystemError))
    at _.doReadAsFileStream (file:///opt/visual-studio-code/resources/app/out/vs/workbench/workbench.desktop.main.js:1591:434)
    at processTicksAndRejections (internal/process/task_queues.js:89:5)
[2020-06-05 17:41:14.861] [renderer1] [error] Unable to read file (EntryNotFound (FileSystemError)): Error: Unable to read file (EntryNotFound (FileSystemError))
    at _.doReadAsFileStream (file:///opt/visual-studio-code/resources/app/out/vs/workbench/workbench.desktop.main.js:1591:434)
    at processTicksAndRejections (internal/process/task_queues.js:89:5)
[2020-06-05 17:41:16.314] [renderer1] [error] Unable to read file (EntryNotFound (FileSystemError)): Error: Unable to read file (EntryNotFound (FileSystemError))
    at _.doReadAsFileStream (file:///opt/visual-studio-code/resources/app/out/vs/workbench/workbench.desktop.main.js:1591:434)
    at processTicksAndRejections (internal/process/task_queues.js:89:5)
[2020-06-05 17:41:17.471] [renderer1] [error] Unable to read file (EntryNotFound (FileSystemError)): Error: Unable to read file (EntryNotFound (FileSystemError))
    at _.doReadAsFileStream (file:///opt/visual-studio-code/resources/app/out/vs/workbench/workbench.desktop.main.js:1591:434)
    at processTicksAndRejections (internal/process/task_queues.js:89:5)
[2020-06-05 17:41:18.904] [renderer1] [error] Unable to read file (EntryNotFound (FileSystemError)): Error: Unable to read file (EntryNotFound (FileSystemError))
    at _.doReadAsFileStream (file:///opt/visual-studio-code/resources/app/out/vs/workbench/workbench.desktop.main.js:1591:434)
    at processTicksAndRejections (internal/process/task_queues.js:89:5)
[2020-06-05 17:41:20.576] [renderer1] [error] Unable to read file (EntryNotFound (FileSystemError)): Error: Unable to read file (EntryNotFound (FileSystemError))
    at _.doReadAsFileStream (file:///opt/visual-studio-code/resources/app/out/vs/workbench/workbench.desktop.main.js:1591:434)
    at processTicksAndRejections (internal/process/task_queues.js:89:5)
[2020-06-05 17:41:25.585] [renderer1] [error] Unable to read file (EntryNotFound (FileSystemError)): Error: Unable to read file (EntryNotFound (FileSystemError))
    at _.doReadAsFileStream (file:///opt/visual-studio-code/resources/app/out/vs/workbench/workbench.desktop.main.js:1591:434)
    at processTicksAndRejections (internal/process/task_queues.js:89:5)
[2020-06-05 17:45:51.165] [renderer1] [error] Unable to read file (EntryNotFound (FileSystemError)): Error: Unable to read file (EntryNotFound (FileSystemError))
    at _.doReadAsFileStream (file:///opt/visual-studio-code/resources/app/out/vs/workbench/workbench.desktop.main.js:1591:434)
    at processTicksAndRejections (internal/process/task_queues.js:89:5)
[2020-06-05 17:45:52.294] [renderer1] [error] Unable to read file (EntryNotFound (FileSystemError)): Error: Unable to read file (EntryNotFound (FileSystemError))
    at _.doReadAsFileStream (file:///opt/visual-studio-code/resources/app/out/vs/workbench/workbench.desktop.main.js:1591:434)
    at processTicksAndRejections (internal/process/task_queues.js:89:5)
[2020-06-05 17:45:53.390] [renderer1] [error] Unable to read file (EntryNotFound (FileSystemError)): Error: Unable to read file (EntryNotFound (FileSystemError))
    at _.doReadAsFileStream (file:///opt/visual-studio-code/resources/app/out/vs/workbench/workbench.desktop.main.js:1591:434)
    at processTicksAndRejections (internal/process/task_queues.js:89:5)
[2020-06-05 17:45:54.636] [renderer1] [error] Unable to read file (EntryNotFound (FileSystemError)): Error: Unable to read file (EntryNotFound (FileSystemError))
    at _.doReadAsFileStream (file:///opt/visual-studio-code/resources/app/out/vs/workbench/workbench.desktop.main.js:1591:434)
    at processTicksAndRejections (internal/process/task_queues.js:89:5)
[2020-06-05 17:51:10.459] [renderer1] [error] Unable to read file (EntryNotFound (FileSystemError)): Error: Unable to read file (EntryNotFound (FileSystemError))
    at _.doReadAsFileStream (file:///opt/visual-studio-code/resources/app/out/vs/workbench/workbench.desktop.main.js:1591:434)
    at processTicksAndRejections (internal/process/task_queues.js:89:5)
[2020-06-05 17:51:10.759] [renderer1] [error] Unable to read file (EntryNotFound (FileSystemError)): Error: Unable to read file (EntryNotFound (FileSystemError))
    at _.doReadAsFileStream (file:///opt/visual-studio-code/resources/app/out/vs/workbench/workbench.desktop.main.js:1591:434)
    at runMicrotasks (<anonymous>)
    at processTicksAndRejections (internal/process/task_queues.js:89:5)
[2020-06-05 17:51:24.115] [renderer1] [error] Unable to read file (EntryNotFound (FileSystemError)): Error: Unable to read file (EntryNotFound (FileSystemError))
    at _.doReadAsFileStream (file:///opt/visual-studio-code/resources/app/out/vs/workbench/workbench.desktop.main.js:1591:434)
    at runMicrotasks (<anonymous>)
    at processTicksAndRejections (internal/process/task_queues.js:89:5)
[2020-06-05 17:51:25.824] [renderer1] [error] Unable to read file (EntryNotFound (FileSystemError)): Error: Unable to read file (EntryNotFound (FileSystemError))
    at _.doReadAsFileStream (file:///opt/visual-studio-code/resources/app/out/vs/workbench/workbench.desktop.main.js:1591:434)
    at runMicrotasks (<anonymous>)
    at processTicksAndRejections (internal/process/task_queues.js:89:5)
[2020-06-05 17:51:28.404] [renderer1] [error] Unable to read file (EntryNotFound (FileSystemError)): Error: Unable to read file (EntryNotFound (FileSystemError))
    at _.doReadAsFileStream (file:///opt/visual-studio-code/resources/app/out/vs/workbench/workbench.desktop.main.js:1591:434)
    at runMicrotasks (<anonymous>)
    at processTicksAndRejections (internal/process/task_queues.js:89:5)
[2020-06-05 17:51:29.934] [renderer1] [error] Unable to read file (EntryNotFound (FileSystemError)): Error: Unable to read file (EntryNotFound (FileSystemError))
    at _.doReadAsFileStream (file:///opt/visual-studio-code/resources/app/out/vs/workbench/workbench.desktop.main.js:1591:434)
    at runMicrotasks (<anonymous>)
    at processTicksAndRejections (internal/process/task_queues.js:89:5)
[2020-06-05 17:51:32.415] [renderer1] [error] Unable to read file (EntryNotFound (FileSystemError)): Error: Unable to read file (EntryNotFound (FileSystemError))
    at _.doReadAsFileStream (file:///opt/visual-studio-code/resources/app/out/vs/workbench/workbench.desktop.main.js:1591:434)
    at runMicrotasks (<anonymous>)
    at processTicksAndRejections (internal/process/task_queues.js:89:5)
[2020-06-05 17:51:33.680] [renderer1] [error] Unable to read file (EntryNotFound (FileSystemError)): Error: Unable to read file (EntryNotFound (FileSystemError))
    at _.doReadAsFileStream (file:///opt/visual-studio-code/resources/app/out/vs/workbench/workbench.desktop.main.js:1591:434)
    at runMicrotasks (<anonymous>)
    at processTicksAndRejections (internal/process/task_queues.js:89:5)
[2020-06-05 17:51:35.356] [renderer1] [error] Unable to read file (EntryNotFound (FileSystemError)): Error: Unable to read file (EntryNotFound (FileSystemError))
    at _.doReadAsFileStream (file:///opt/visual-studio-code/resources/app/out/vs/workbench/workbench.desktop.main.js:1591:434)
    at runMicrotasks (<anonymous>)
    at processTicksAndRejections (internal/process/task_queues.js:89:5)
[2020-06-05 17:51:38.262] [renderer1] [error] Unable to read file (EntryNotFound (FileSystemError)): Error: Unable to read file (EntryNotFound (FileSystemError))
    at _.doReadAsFileStream (file:///opt/visual-studio-code/resources/app/out/vs/workbench/workbench.desktop.main.js:1591:434)
    at runMicrotasks (<anonymous>)
    at processTicksAndRejections (internal/process/task_queues.js:89:5)
[2020-06-05 17:51:40.224] [renderer1] [error] Unable to read file (EntryNotFound (FileSystemError)): Error: Unable to read file (EntryNotFound (FileSystemError))
    at _.doReadAsFileStream (file:///opt/visual-studio-code/resources/app/out/vs/workbench/workbench.desktop.main.js:1591:434)
    at runMicrotasks (<anonymous>)
    at processTicksAndRejections (internal/process/task_queues.js:89:5)
[2020-06-05 17:51:42.321] [renderer1] [error] Unable to read file (EntryNotFound (FileSystemError)): Error: Unable to read file (EntryNotFound (FileSystemError))
    at _.doReadAsFileStream (file:///opt/visual-studio-code/resources/app/out/vs/workbench/workbench.desktop.main.js:1591:434)
    at runMicrotasks (<anonymous>)
    at processTicksAndRejections (internal/process/task_queues.js:89:5)
[2020-06-05 17:51:44.664] [renderer1] [error] Unable to read file (EntryNotFound (FileSystemError)): Error: Unable to read file (EntryNotFound (FileSystemError))
    at _.doReadAsFileStream (file:///opt/visual-studio-code/resources/app/out/vs/workbench/workbench.desktop.main.js:1591:434)
    at runMicrotasks (<anonymous>)
    at processTicksAndRejections (internal/process/task_queues.js:89:5)
[2020-06-05 17:51:57.194] [renderer1] [error] Unable to read file (EntryNotFound (FileSystemError)): Error: Unable to read file (EntryNotFound (FileSystemError))
    at _.doReadAsFileStream (file:///opt/visual-studio-code/resources/app/out/vs/workbench/workbench.desktop.main.js:1591:434)
    at runMicrotasks (<anonymous>)
    at processTicksAndRejections (internal/process/task_queues.js:89:5)
[2020-06-05 17:51:59.600] [renderer1] [error] Unable to read file (EntryNotFound (FileSystemError)): Error: Unable to read file (EntryNotFound (FileSystemError))
    at _.doReadAsFileStream (file:///opt/visual-studio-code/resources/app/out/vs/workbench/workbench.desktop.main.js:1591:434)
    at runMicrotasks (<anonymous>)
    at processTicksAndRejections (internal/process/task_queues.js:89:5)
[2020-06-05 17:52:00.924] [renderer1] [error] Unable to read file (EntryNotFound (FileSystemError)): Error: Unable to read file (EntryNotFound (FileSystemError))
    at _.doReadAsFileStream (file:///opt/visual-studio-code/resources/app/out/vs/workbench/workbench.desktop.main.js:1591:434)
    at runMicrotasks (<anonymous>)
    at processTicksAndRejections (internal/process/task_queues.js:89:5)
[2020-06-05 17:52:04.661] [renderer1] [error] Unable to read file (EntryNotFound (FileSystemError)): Error: Unable to read file (EntryNotFound (FileSystemError))
    at _.doReadAsFileStream (file:///opt/visual-studio-code/resources/app/out/vs/workbench/workbench.desktop.main.js:1591:434)
    at runMicrotasks (<anonymous>)
    at processTicksAndRejections (internal/process/task_queues.js:89:5)
[2020-06-05 17:52:05.806] [renderer1] [error] Unable to read file (EntryNotFound (FileSystemError)): Error: Unable to read file (EntryNotFound (FileSystemError))
    at _.doReadAsFileStream (file:///opt/visual-studio-code/resources/app/out/vs/workbench/workbench.desktop.main.js:1591:434)
    at runMicrotasks (<anonymous>)
    at processTicksAndRejections (internal/process/task_queues.js:89:5)
[2020-06-05 17:52:06.957] [renderer1] [error] Unable to read file (EntryNotFound (FileSystemError)): Error: Unable to read file (EntryNotFound (FileSystemError))
    at _.doReadAsFileStream (file:///opt/visual-studio-code/resources/app/out/vs/workbench/workbench.desktop.main.js:1591:434)
    at runMicrotasks (<anonymous>)
    at processTicksAndRejections (internal/process/task_queues.js:89:5)
[2020-06-05 17:52:11.132] [renderer1] [error] Unable to read file (EntryNotFound (FileSystemError)): Error: Unable to read file (EntryNotFound (FileSystemError))
    at _.doReadAsFileStream (file:///opt/visual-studio-code/resources/app/out/vs/workbench/workbench.desktop.main.js:1591:434)
    at runMicrotasks (<anonymous>)
    at processTicksAndRejections (internal/process/task_queues.js:89:5)
[2020-06-05 17:52:13.592] [renderer1] [error] Unable to read file (EntryNotFound (FileSystemError)): Error: Unable to read file (EntryNotFound (FileSystemError))
    at _.doReadAsFileStream (file:///opt/visual-studio-code/resources/app/out/vs/workbench/workbench.desktop.main.js:1591:434)
    at runMicrotasks (<anonymous>)
    at processTicksAndRejections (internal/process/task_queues.js:89:5)
[2020-06-05 17:52:24.661] [renderer1] [error] Unable to read file (EntryNotFound (FileSystemError)): Error: Unable to read file (EntryNotFound (FileSystemError))
    at _.doReadAsFileStream (file:///opt/visual-studio-code/resources/app/out/vs/workbench/workbench.desktop.main.js:1591:434)
    at runMicrotasks (<anonymous>)
    at processTicksAndRejections (internal/process/task_queues.js:89:5)
[2020-06-05 17:52:25.915] [renderer1] [error] Unable to read file (EntryNotFound (FileSystemError)): Error: Unable to read file (EntryNotFound (FileSystemError))
    at _.doReadAsFileStream (file:///opt/visual-studio-code/resources/app/out/vs/workbench/workbench.desktop.main.js:1591:434)
    at runMicrotasks (<anonymous>)
    at processTicksAndRejections (internal/process/task_queues.js:89:5)
[2020-06-05 17:52:45.610] [renderer1] [error] Unable to read file (EntryNotFound (FileSystemError)): Error: Unable to read file (EntryNotFound (FileSystemError))
    at _.doReadAsFileStream (file:///opt/visual-studio-code/resources/app/out/vs/workbench/workbench.desktop.main.js:1591:434)
    at runMicrotasks (<anonymous>)
    at processTicksAndRejections (internal/process/task_queues.js:89:5)
[2020-06-05 17:52:59.005] [renderer1] [error] Unable to read file (EntryNotFound (FileSystemError)): Error: Unable to read file (EntryNotFound (FileSystemError))
    at _.doReadAsFileStream (file:///opt/visual-studio-code/resources/app/out/vs/workbench/workbench.desktop.main.js:1591:434)
    at runMicrotasks (<anonymous>)
    at processTicksAndRejections (internal/process/task_queues.js:89:5)
[2020-06-05 17:53:00.272] [renderer1] [error] Unable to read file (EntryNotFound (FileSystemError)): Error: Unable to read file (EntryNotFound (FileSystemError))
    at _.doReadAsFileStream (file:///opt/visual-studio-code/resources/app/out/vs/workbench/workbench.desktop.main.js:1591:434)
    at runMicrotasks (<anonymous>)
    at processTicksAndRejections (internal/process/task_queues.js:89:5)
[2020-06-05 17:53:06.129] [renderer1] [error] Unable to read file (EntryNotFound (FileSystemError)): Error: Unable to read file (EntryNotFound (FileSystemError))
    at _.doReadAsFileStream (file:///opt/visual-studio-code/resources/app/out/vs/workbench/workbench.desktop.main.js:1591:434)
    at runMicrotasks (<anonymous>)
    at processTicksAndRejections (internal/process/task_queues.js:89:5)
[2020-06-05 17:53:14.600] [renderer1] [error] Unable to read file (EntryNotFound (FileSystemError)): Error: Unable to read file (EntryNotFound (FileSystemError))
    at _.doReadAsFileStream (file:///opt/visual-studio-code/resources/app/out/vs/workbench/workbench.desktop.main.js:1591:434)
    at runMicrotasks (<anonymous>)
    at processTicksAndRejections (internal/process/task_queues.js:89:5)
[2020-06-05 17:53:19.961] [renderer1] [error] Unable to read file (EntryNotFound (FileSystemError)): Error: Unable to read file (EntryNotFound (FileSystemError))
    at _.doReadAsFileStream (file:///opt/visual-studio-code/resources/app/out/vs/workbench/workbench.desktop.main.js:1591:434)
    at runMicrotasks (<anonymous>)
    at processTicksAndRejections (internal/process/task_queues.js:89:5)
[2020-06-05 17:53:31.873] [renderer1] [error] Unable to read file (EntryNotFound (FileSystemError)): Error: Unable to read file (EntryNotFound (FileSystemError))
    at _.doReadAsFileStream (file:///opt/visual-studio-code/resources/app/out/vs/workbench/workbench.desktop.main.js:1591:434)
    at runMicrotasks (<anonymous>)
    at processTicksAndRejections (internal/process/task_queues.js:89:5)
[2020-06-05 17:53:43.814] [renderer1] [error] Unable to read file (EntryNotFound (FileSystemError)): Error: Unable to read file (EntryNotFound (FileSystemError))
    at _.doReadAsFileStream (file:///opt/visual-studio-code/resources/app/out/vs/workbench/workbench.desktop.main.js:1591:434)
    at runMicrotasks (<anonymous>)
    at processTicksAndRejections (internal/process/task_queues.js:89:5)
[2020-06-05 17:53:45.248] [renderer1] [error] Unable to read file (EntryNotFound (FileSystemError)): Error: Unable to read file (EntryNotFound (FileSystemError))
    at _.doReadAsFileStream (file:///opt/visual-studio-code/resources/app/out/vs/workbench/workbench.desktop.main.js:1591:434)
    at runMicrotasks (<anonymous>)
    at processTicksAndRejections (internal/process/task_queues.js:89:5)
[2020-06-05 17:53:47.555] [renderer1] [error] Unable to read file (EntryNotFound (FileSystemError)): Error: Unable to read file (EntryNotFound (FileSystemError))
    at _.doReadAsFileStream (file:///opt/visual-studio-code/resources/app/out/vs/workbench/workbench.desktop.main.js:1591:434)
    at runMicrotasks (<anonymous>)
    at processTicksAndRejections (internal/process/task_queues.js:89:5)
[2020-06-05 17:53:51.145] [renderer1] [error] Unable to read file (EntryNotFound (FileSystemError)): Error: Unable to read file (EntryNotFound (FileSystemError))
    at _.doReadAsFileStream (file:///opt/visual-studio-code/resources/app/out/vs/workbench/workbench.desktop.main.js:1591:434)
    at runMicrotasks (<anonymous>)
    at processTicksAndRejections (internal/process/task_queues.js:89:5)
[2020-06-05 17:54:09.951] [renderer1] [error] Unable to read file (EntryNotFound (FileSystemError)): Error: Unable to read file (EntryNotFound (FileSystemError))
    at _.doReadAsFileStream (file:///opt/visual-studio-code/resources/app/out/vs/workbench/workbench.desktop.main.js:1591:434)
    at runMicrotasks (<anonymous>)
    at processTicksAndRejections (internal/process/task_queues.js:89:5)
[2020-06-05 17:54:36.352] [renderer1] [error] Unable to read file (EntryNotFound (FileSystemError)): Error: Unable to read file (EntryNotFound (FileSystemError))
    at _.doReadAsFileStream (file:///opt/visual-studio-code/resources/app/out/vs/workbench/workbench.desktop.main.js:1591:434)
    at runMicrotasks (<anonymous>)
    at processTicksAndRejections (internal/process/task_queues.js:89:5)
[2020-06-05 17:54:37.966] [renderer1] [error] Unable to read file (EntryNotFound (FileSystemError)): Error: Unable to read file (EntryNotFound (FileSystemError))
    at _.doReadAsFileStream (file:///opt/visual-studio-code/resources/app/out/vs/workbench/workbench.desktop.main.js:1591:434)
    at runMicrotasks (<anonymous>)
    at processTicksAndRejections (internal/process/task_queues.js:89:5)
[2020-06-05 17:54:48.714] [renderer1] [error] Unable to read file (EntryNotFound (FileSystemError)): Error: Unable to read file (EntryNotFound (FileSystemError))
    at _.doReadAsFileStream (file:///opt/visual-studio-code/resources/app/out/vs/workbench/workbench.desktop.main.js:1591:434)
    at runMicrotasks (<anonymous>)
    at processTicksAndRejections (internal/process/task_queues.js:89:5)
[2020-06-05 17:54:50.641] [renderer1] [error] Unable to read file (EntryNotFound (FileSystemError)): Error: Unable to read file (EntryNotFound (FileSystemError))
    at _.doReadAsFileStream (file:///opt/visual-studio-code/resources/app/out/vs/workbench/workbench.desktop.main.js:1591:434)
    at runMicrotasks (<anonymous>)
    at processTicksAndRejections (internal/process/task_queues.js:89:5)
[2020-06-05 17:54:51.800] [renderer1] [error] Unable to read file (EntryNotFound (FileSystemError)): Error: Unable to read file (EntryNotFound (FileSystemError))
    at _.doReadAsFileStream (file:///opt/visual-studio-code/resources/app/out/vs/workbench/workbench.desktop.main.js:1591:434)
    at runMicrotasks (<anonymous>)
    at processTicksAndRejections (internal/process/task_queues.js:89:5)
[2020-06-05 17:54:56.607] [renderer1] [error] Unable to read file (EntryNotFound (FileSystemError)): Error: Unable to read file (EntryNotFound (FileSystemError))
    at _.doReadAsFileStream (file:///opt/visual-studio-code/resources/app/out/vs/workbench/workbench.desktop.main.js:1591:434)
    at runMicrotasks (<anonymous>)
    at processTicksAndRejections (internal/process/task_queues.js:89:5)
[2020-06-05 17:54:59.793] [renderer1] [error] Unable to read file (EntryNotFound (FileSystemError)): Error: Unable to read file (EntryNotFound (FileSystemError))
    at _.doReadAsFileStream (file:///opt/visual-studio-code/resources/app/out/vs/workbench/workbench.desktop.main.js:1591:434)
    at runMicrotasks (<anonymous>)
    at processTicksAndRejections (internal/process/task_queues.js:89:5)
[2020-06-05 17:55:00.963] [renderer1] [error] Unable to read file (EntryNotFound (FileSystemError)): Error: Unable to read file (EntryNotFound (FileSystemError))
    at _.doReadAsFileStream (file:///opt/visual-studio-code/resources/app/out/vs/workbench/workbench.desktop.main.js:1591:434)
    at runMicrotasks (<anonymous>)
    at processTicksAndRejections (internal/process/task_queues.js:89:5)
[2020-06-05 17:55:02.293] [renderer1] [error] Unable to read file (EntryNotFound (FileSystemError)): Error: Unable to read file (EntryNotFound (FileSystemError))
    at _.doReadAsFileStream (file:///opt/visual-studio-code/resources/app/out/vs/workbench/workbench.desktop.main.js:1591:434)
    at runMicrotasks (<anonymous>)
    at processTicksAndRejections (internal/process/task_queues.js:89:5)
[2020-06-05 17:55:35.057] [renderer1] [error] Unable to read file (EntryNotFound (FileSystemError)): Error: Unable to read file (EntryNotFound (FileSystemError))
    at _.doReadAsFileStream (file:///opt/visual-studio-code/resources/app/out/vs/workbench/workbench.desktop.main.js:1591:434)
    at runMicrotasks (<anonymous>)
    at processTicksAndRejections (internal/process/task_queues.js:89:5)
[2020-06-05 17:55:36.180] [renderer1] [error] Unable to read file (EntryNotFound (FileSystemError)): Error: Unable to read file (EntryNotFound (FileSystemError))
    at _.doReadAsFileStream (file:///opt/visual-studio-code/resources/app/out/vs/workbench/workbench.desktop.main.js:1591:434)
    at runMicrotasks (<anonymous>)
    at processTicksAndRejections (internal/process/task_queues.js:89:5)
[2020-06-05 17:55:37.363] [renderer1] [error] Unable to read file (EntryNotFound (FileSystemError)): Error: Unable to read file (EntryNotFound (FileSystemError))
    at _.doReadAsFileStream (file:///opt/visual-studio-code/resources/app/out/vs/workbench/workbench.desktop.main.js:1591:434)
    at runMicrotasks (<anonymous>)
    at processTicksAndRejections (internal/process/task_queues.js:89:5)
[2020-06-05 17:55:39.129] [renderer1] [error] Unable to read file (EntryNotFound (FileSystemError)): Error: Unable to read file (EntryNotFound (FileSystemError))
    at _.doReadAsFileStream (file:///opt/visual-studio-code/resources/app/out/vs/workbench/workbench.desktop.main.js:1591:434)
    at runMicrotasks (<anonymous>)
    at processTicksAndRejections (internal/process/task_queues.js:89:5)
[2020-06-05 17:55:40.263] [renderer1] [error] Unable to read file (EntryNotFound (FileSystemError)): Error: Unable to read file (EntryNotFound (FileSystemError))
    at _.doReadAsFileStream (file:///opt/visual-studio-code/resources/app/out/vs/workbench/workbench.desktop.main.js:1591:434)
    at runMicrotasks (<anonymous>)
    at processTicksAndRejections (internal/process/task_queues.js:89:5)
[2020-06-05 17:55:41.530] [renderer1] [error] Unable to read file (EntryNotFound (FileSystemError)): Error: Unable to read file (EntryNotFound (FileSystemError))
    at _.doReadAsFileStream (file:///opt/visual-studio-code/resources/app/out/vs/workbench/workbench.desktop.main.js:1591:434)
    at runMicrotasks (<anonymous>)
    at processTicksAndRejections (internal/process/task_queues.js:89:5)
[2020-06-05 17:55:42.644] [renderer1] [error] Unable to read file (EntryNotFound (FileSystemError)): Error: Unable to read file (EntryNotFound (FileSystemError))
    at _.doReadAsFileStream (file:///opt/visual-studio-code/resources/app/out/vs/workbench/workbench.desktop.main.js:1591:434)
    at runMicrotasks (<anonymous>)
    at processTicksAndRejections (internal/process/task_queues.js:89:5)
[2020-06-05 17:55:44.645] [renderer1] [error] Unable to read file (EntryNotFound (FileSystemError)): Error: Unable to read file (EntryNotFound (FileSystemError))
    at _.doReadAsFileStream (file:///opt/visual-studio-code/resources/app/out/vs/workbench/workbench.desktop.main.js:1591:434)
    at runMicrotasks (<anonymous>)
    at processTicksAndRejections (internal/process/task_queues.js:89:5)
[2020-06-05 17:55:45.698] [renderer1] [error] Unable to read file (EntryNotFound (FileSystemError)): Error: Unable to read file (EntryNotFound (FileSystemError))
    at _.doReadAsFileStream (file:///opt/visual-studio-code/resources/app/out/vs/workbench/workbench.desktop.main.js:1591:434)
    at runMicrotasks (<anonymous>)
    at processTicksAndRejections (internal/process/task_queues.js:89:5)
[2020-06-05 17:55:47.539] [renderer1] [error] Unable to read file (EntryNotFound (FileSystemError)): Error: Unable to read file (EntryNotFound (FileSystemError))
    at _.doReadAsFileStream (file:///opt/visual-studio-code/resources/app/out/vs/workbench/workbench.desktop.main.js:1591:434)
    at runMicrotasks (<anonymous>)
    at processTicksAndRejections (internal/process/task_queues.js:89:5)
[2020-06-05 17:55:51.444] [renderer1] [error] Unable to read file (EntryNotFound (FileSystemError)): Error: Unable to read file (EntryNotFound (FileSystemError))
    at _.doReadAsFileStream (file:///opt/visual-studio-code/resources/app/out/vs/workbench/workbench.desktop.main.js:1591:434)
    at runMicrotasks (<anonymous>)
    at processTicksAndRejections (internal/process/task_queues.js:89:5)
[2020-06-05 17:55:52.583] [renderer1] [error] Unable to read file (EntryNotFound (FileSystemError)): Error: Unable to read file (EntryNotFound (FileSystemError))
    at _.doReadAsFileStream (file:///opt/visual-studio-code/resources/app/out/vs/workbench/workbench.desktop.main.js:1591:434)
    at runMicrotasks (<anonymous>)
    at processTicksAndRejections (internal/process/task_queues.js:89:5)
[2020-06-05 17:55:53.585] [renderer1] [error] Unable to read file (EntryNotFound (FileSystemError)): Error: Unable to read file (EntryNotFound (FileSystemError))
    at _.doReadAsFileStream (file:///opt/visual-studio-code/resources/app/out/vs/workbench/workbench.desktop.main.js:1591:434)
    at runMicrotasks (<anonymous>)
    at processTicksAndRejections (internal/process/task_queues.js:89:5)
[2020-06-05 17:55:55.130] [renderer1] [error] Unable to read file (EntryNotFound (FileSystemError)): Error: Unable to read file (EntryNotFound (FileSystemError))
    at _.doReadAsFileStream (file:///opt/visual-studio-code/resources/app/out/vs/workbench/workbench.desktop.main.js:1591:434)
    at runMicrotasks (<anonymous>)
    at processTicksAndRejections (internal/process/task_queues.js:89:5)
[2020-06-05 17:55:56.557] [renderer1] [error] Unable to read file (EntryNotFound (FileSystemError)): Error: Unable to read file (EntryNotFound (FileSystemError))
    at _.doReadAsFileStream (file:///opt/visual-studio-code/resources/app/out/vs/workbench/workbench.desktop.main.js:1591:434)
    at runMicrotasks (<anonymous>)
    at processTicksAndRejections (internal/process/task_queues.js:89:5)
[2020-06-05 17:55:58.756] [renderer1] [error] Unable to read file (EntryNotFound (FileSystemError)): Error: Unable to read file (EntryNotFound (FileSystemError))
    at _.doReadAsFileStream (file:///opt/visual-studio-code/resources/app/out/vs/workbench/workbench.desktop.main.js:1591:434)
    at runMicrotasks (<anonymous>)
    at processTicksAndRejections (internal/process/task_queues.js:89:5)
[2020-06-05 17:56:00.014] [renderer1] [error] Unable to read file (EntryNotFound (FileSystemError)): Error: Unable to read file (EntryNotFound (FileSystemError))
    at _.doReadAsFileStream (file:///opt/visual-studio-code/resources/app/out/vs/workbench/workbench.desktop.main.js:1591:434)
    at runMicrotasks (<anonymous>)
    at processTicksAndRejections (internal/process/task_queues.js:89:5)
[2020-06-05 17:56:13.352] [renderer1] [error] Unable to read file (EntryNotFound (FileSystemError)): Error: Unable to read file (EntryNotFound (FileSystemError))
    at _.doReadAsFileStream (file:///opt/visual-studio-code/resources/app/out/vs/workbench/workbench.desktop.main.js:1591:434)
    at runMicrotasks (<anonymous>)
    at processTicksAndRejections (internal/process/task_queues.js:89:5)
[2020-06-05 17:56:15.403] [renderer1] [error] Unable to read file (EntryNotFound (FileSystemError)): Error: Unable to read file (EntryNotFound (FileSystemError))
    at _.doReadAsFileStream (file:///opt/visual-studio-code/resources/app/out/vs/workbench/workbench.desktop.main.js:1591:434)
    at runMicrotasks (<anonymous>)
    at processTicksAndRejections (internal/process/task_queues.js:89:5)
[2020-06-05 17:56:16.739] [renderer1] [error] Unable to read file (EntryNotFound (FileSystemError)): Error: Unable to read file (EntryNotFound (FileSystemError))
    at _.doReadAsFileStream (file:///opt/visual-studio-code/resources/app/out/vs/workbench/workbench.desktop.main.js:1591:434)
    at runMicrotasks (<anonymous>)
    at processTicksAndRejections (internal/process/task_queues.js:89:5)
[2020-06-05 17:56:17.890] [renderer1] [error] Unable to read file (EntryNotFound (FileSystemError)): Error: Unable to read file (EntryNotFound (FileSystemError))
    at _.doReadAsFileStream (file:///opt/visual-studio-code/resources/app/out/vs/workbench/workbench.desktop.main.js:1591:434)
    at runMicrotasks (<anonymous>)
    at processTicksAndRejections (internal/process/task_queues.js:89:5)
[2020-06-05 17:56:19.911] [renderer1] [error] Unable to read file (EntryNotFound (FileSystemError)): Error: Unable to read file (EntryNotFound (FileSystemError))
    at _.doReadAsFileStream (file:///opt/visual-studio-code/resources/app/out/vs/workbench/workbench.desktop.main.js:1591:434)
    at runMicrotasks (<anonymous>)
    at processTicksAndRejections (internal/process/task_queues.js:89:5)
[2020-06-05 17:56:25.207] [renderer1] [error] Unable to read file (EntryNotFound (FileSystemError)): Error: Unable to read file (EntryNotFound (FileSystemError))
    at _.doReadAsFileStream (file:///opt/visual-studio-code/resources/app/out/vs/workbench/workbench.desktop.main.js:1591:434)
    at runMicrotasks (<anonymous>)
    at processTicksAndRejections (internal/process/task_queues.js:89:5)
[2020-06-05 17:56:26.503] [renderer1] [error] Unable to read file (EntryNotFound (FileSystemError)): Error: Unable to read file (EntryNotFound (FileSystemError))
    at _.doReadAsFileStream (file:///opt/visual-studio-code/resources/app/out/vs/workbench/workbench.desktop.main.js:1591:434)
    at runMicrotasks (<anonymous>)
    at processTicksAndRejections (internal/process/task_queues.js:89:5)
[2020-06-05 17:56:28.740] [renderer1] [error] Unable to read file (EntryNotFound (FileSystemError)): Error: Unable to read file (EntryNotFound (FileSystemError))
    at _.doReadAsFileStream (file:///opt/visual-studio-code/resources/app/out/vs/workbench/workbench.desktop.main.js:1591:434)
    at runMicrotasks (<anonymous>)
    at processTicksAndRejections (internal/process/task_queues.js:89:5)
